0 info it worked if it ends with ok
1 verbose cli [ '/Users/philip/.nvm/versions/node/v5.11.1/bin/node',
1 verbose cli   '/Users/philip/.nvm/versions/node/v5.11.1/bin/npm',
1 verbose cli   'run',
1 verbose cli   'start' ]
2 info using npm@3.10.8
3 info using node@v5.11.1
4 verbose run-script [ 'prestart', 'start', 'poststart' ]
5 info lifecycle storj-heroku-addon@0.0.0-unreleased~prestart: storj-heroku-addon@0.0.0-unreleased
6 silly lifecycle storj-heroku-addon@0.0.0-unreleased~prestart: no script for prestart, continuing
7 info lifecycle storj-heroku-addon@0.0.0-unreleased~start: storj-heroku-addon@0.0.0-unreleased
8 verbose lifecycle storj-heroku-addon@0.0.0-unreleased~start: unsafe-perm in lifecycle true
9 verbose lifecycle storj-heroku-addon@0.0.0-unreleased~start: PATH: /Users/philip/.nvm/versions/node/v5.11.1/lib/node_modules/npm/bin/node-gyp-bin:/Users/philip/github/integration-service/node_modules/.bin:/Users/philip/google-cloud-sdk/bin:/Users/philip/.nvm/versions/node/v5.11.1/bin:/Users/philip/.rvm/gems/ruby-2.2.1/bin:/Users/philip/.rvm/gems/ruby-2.2.1@global/bin:/Users/philip/.rvm/rubies/ruby-2.2.1/bin:/Users/philip/aws/CloudWatch:/Users/philip/aws/AutoScaling:/usr/local/git/bin:/Users/philip/bin:/usr/local/bin:/Users/philip/Library/Python/2.7/bin:/usr/local/bin:/usr/bin:/bin:/usr/sbin:/sbin:/opt/X11/bin:/usr/local/go/bin:/usr/local/MacGPG2/bin:/Users/philip/google-cloud-sdk/bin:/Users/philip/.rvm/gems/ruby-2.2.1/bin:/Users/philip/.rvm/gems/ruby-2.2.1@global/bin:/Users/philip/.rvm/rubies/ruby-2.2.1/bin:/Users/philip/aws/CloudWatch:/Users/philip/aws/AutoScaling:/usr/local/git/bin:/Users/philip/bin:/Users/philip/Library/Python/2.7/bin:/Users/philip/go/bin:/Users/philip/android-sdk/tools:/Users/philip/android-sdk/platform-tools:/Users/philip/.rvm/bin:/Users/philip/go/bin:/Users/philip/android-sdk/tools:/Users/philip/android-sdk/platform-tools:/Users/philip/.rvm/bin
10 verbose lifecycle storj-heroku-addon@0.0.0-unreleased~start: CWD: /Users/philip/github/integration-service
11 silly lifecycle storj-heroku-addon@0.0.0-unreleased~start: Args: [ '-c', 'node index.js' ]
12 silly lifecycle storj-heroku-addon@0.0.0-unreleased~start: Returned: code: 1  signal: null
13 info lifecycle storj-heroku-addon@0.0.0-unreleased~start: Failed to exec start script
14 verbose stack Error: storj-heroku-addon@0.0.0-unreleased start: `node index.js`
14 verbose stack Exit status 1
14 verbose stack     at EventEmitter.<anonymous> (/Users/philip/.nvm/versions/node/v5.11.1/lib/node_modules/npm/lib/utils/lifecycle.js:255:16)
14 verbose stack     at emitTwo (events.js:100:13)
14 verbose stack     at EventEmitter.emit (events.js:185:7)
14 verbose stack     at ChildProcess.<anonymous> (/Users/philip/.nvm/versions/node/v5.11.1/lib/node_modules/npm/lib/utils/spawn.js:40:14)
14 verbose stack     at emitTwo (events.js:100:13)
14 verbose stack     at ChildProcess.emit (events.js:185:7)
14 verbose stack     at maybeClose (internal/child_process.js:850:16)
14 verbose stack     at Process.ChildProcess._handle.onexit (internal/child_process.js:215:5)
15 verbose pkgid storj-heroku-addon@0.0.0-unreleased
16 verbose cwd /Users/philip/github/integration-service
17 error Darwin 16.1.0
18 error argv "/Users/philip/.nvm/versions/node/v5.11.1/bin/node" "/Users/philip/.nvm/versions/node/v5.11.1/bin/npm" "run" "start"
19 error node v5.11.1
20 error npm  v3.10.8
21 error code ELIFECYCLE
22 error storj-heroku-addon@0.0.0-unreleased start: `node index.js`
22 error Exit status 1
23 error Failed at the storj-heroku-addon@0.0.0-unreleased start script 'node index.js'.
23 error Make sure you have the latest version of node.js and npm installed.
23 error If you do, this is most likely a problem with the storj-heroku-addon package,
23 error not with npm itself.
23 error Tell the author that this fails on your system:
23 error     node index.js
23 error You can get information on how to open an issue for this project with:
23 error     npm bugs storj-heroku-addon
23 error Or if that isn't available, you can get their info via:
23 error     npm owner ls storj-heroku-addon
23 error There is likely additional logging output above.
24 verbose exit [ 1, true ]
